#
# There is insufficient memory for the Java Runtime Environment to continue.
# Native memory allocation (malloc) failed to allocate 1048576 bytes for AllocateHeap
# Possible reasons:
#   The system is out of physical RAM or swap space
#   In 32 bit mode, the process size limit was hit
# Possible solutions:
#   Reduce memory load on the system
#   Increase physical memory or swap space
#   Check if swap backing store is full
#   Use 64 bit Java on a 64 bit OS
#   Decrease Java heap size (-Xmx/-Xms)
#   Decrease number of Java threads
#   Decrease Java thread stack sizes (-Xss)
#   Set larger code cache with -XX:ReservedCodeCacheSize=
# This output file may be truncated or incomplete.
#
#  Out of Memory Error (memory/allocation.inline.hpp:61), pid=7996, tid=1760
#
# JRE version:  (8.0_73-b02) (build )
# Java VM: Java HotSpot(TM) 64-Bit Server VM (25.73-b02 mixed mode windows-amd64 compressed oops)
# Failed to write core dump. Minidumps are not enabled by default on client versions of Windows
#

---------------  T H R E A D  ---------------

Current thread (0x0000000002c4d800):  JavaThread "Unknown thread" [_thread_in_vm, id=1760, stack(0x0000000002ac0000,0x0000000002bc0000)]

Stack: [0x0000000002ac0000,0x0000000002bc0000]
[error occurred during error reporting (printing stack bounds), id 0xc0000005]

Native frames: (J=compiled Java code, j=interpreted, Vv=VM code, C=native code)


---------------  P R O C E S S  ---------------

Java Threads: ( => current thread )

Other Threads:

=>0x0000000002c4d800 (exited) JavaThread "Unknown thread" [_thread_in_vm, id=1760, stack(0x0000000002ac0000,0x0000000002bc0000)]

VM state:not at safepoint (normal execution)

VM Mutex/Monitor currently owned by a thread: None

Heap:
 PSYoungGen      total 9216K, used 163K [0x00000000f6400000, 0x00000000f6e00000, 0x0000000100000000)
  eden space 8192K, 2% used [0x00000000f6400000,0x00000000f6428f68,0x00000000f6c00000)
  from space 1024K, 0% used [0x00000000f6d00000,0x00000000f6d00000,0x00000000f6e00000)
  to   space 1024K, 0% used [0x00000000f6c00000,0x00000000f6c00000,0x00000000f6d00000)
 ParOldGen       total 20480K, used 0K [0x00000000e2c00000, 0x00000000e4000000, 0x00000000f6400000)
  object space 20480K, 0% used [0x00000000e2c00000,0x00000000e2c00000,0x00000000e4000000)
 Metaspace       used 746K, capacity 4480K, committed 4480K, reserved 1056768K
  class space    used 75K, capacity 384K, committed 384K, reserved 1048576K

Card table byte_map: [0x0000000012110000,0x0000000012200000] byte_map_base: 0x00000000119fa000

Marking Bits: (ParMarkBitMap*) 0x000000005b9a0600
 Begin Bits: [0x0000000012600000, 0x0000000012d50000)
 End Bits:   [0x0000000012d50000, 0x00000000134a0000)

Polling page: 0x0000000001200000

CodeCache: size=245760Kb used=328Kb max_used=328Kb free=245431Kb
 bounds [0x0000000002d50000, 0x0000000002fc0000, 0x0000000011d50000]
 total_blobs=57 nmethods=0 adapters=37
 compilation: enabled

Compilation events (0 events):
No events

GC Heap History (0 events):
No events

Deoptimization events (0 events):
No events

Internal exceptions (0 events):
No events

Events (10 events):
Event: 0.101 loading class java/lang/Short
Event: 0.101 loading class java/lang/Short done
Event: 0.101 loading class java/lang/Integer
Event: 0.101 loading class java/lang/Integer done
Event: 0.101 loading class java/lang/Long
Event: 0.101 loading class java/lang/Long done
Event: 0.102 loading class java/lang/NullPointerException
Event: 0.102 loading class java/lang/NullPointerException done
Event: 0.102 loading class java/lang/ArithmeticException
Event: 0.102 loading class java/lang/ArithmeticException done


Dynamic libraries:
0x00007ff657b30000 - 0x00007ff657b67000 	C:\Program Files\Java\jre1.8.0_73\bin\javaw.exe
0x00007ff8fe220000 - 0x00007ff8fe410000 	C:\WINDOWS\SYSTEM32\ntdll.dll
0x00007ff8fdb30000 - 0x00007ff8fdbe2000 	C:\WINDOWS\System32\KERNEL32.DLL
0x00007ff8fbf20000 - 0x00007ff8fc1c3000 	C:\WINDOWS\System32\KERNELBASE.dll
0x00007ff8fc9c0000 - 0x00007ff8fca63000 	C:\WINDOWS\System32\ADVAPI32.dll
0x00007ff8fc890000 - 0x00007ff8fc92e000 	C:\WINDOWS\System32\msvcrt.dll
0x00007ff8fdeb0000 - 0x00007ff8fdf47000 	C:\WINDOWS\System32\sechost.dll
0x00007ff8fd250000 - 0x00007ff8fd370000 	C:\WINDOWS\System32\RPCRT4.dll
0x00007ff8fdd10000 - 0x00007ff8fdea4000 	C:\WINDOWS\System32\USER32.dll
0x00007ff8fb3e0000 - 0x00007ff8fb401000 	C:\WINDOWS\System32\win32u.dll
0x00007ff8fdbf0000 - 0x00007ff8fdc16000 	C:\WINDOWS\System32\GDI32.dll
0x00007ff8fb240000 - 0x00007ff8fb3d4000 	C:\WINDOWS\System32\gdi32full.dll
0x00007ff8fbe30000 - 0x00007ff8fbece000 	C:\WINDOWS\System32\msvcp_win.dll
0x00007ff8fc1d0000 - 0x00007ff8fc2ca000 	C:\WINDOWS\System32\ucrtbase.dll
0x00007ff8ddb70000 - 0x00007ff8dddf5000 	C:\WINDOWS\WinSxS\amd64_microsoft.windows.common-controls_6595b64144ccf1df_6.0.18362.592_none_e6c0b1911312be02\COMCTL32.dll
0x00007ff8fc3a0000 - 0x00007ff8fc6d6000 	C:\WINDOWS\System32\combase.dll
0x00007ff8fb560000 - 0x00007ff8fb5e0000 	C:\WINDOWS\System32\bcryptPrimitives.dll
0x00007ff8fe1b0000 - 0x00007ff8fe1de000 	C:\WINDOWS\System32\IMM32.DLL
0x000000005ad30000 - 0x000000005ae02000 	C:\Program Files\Java\jre1.8.0_73\bin\msvcr100.dll
0x000000005b190000 - 0x000000005ba20000 	C:\Program Files\Java\jre1.8.0_73\bin\server\jvm.dll
0x00007ff8fc930000 - 0x00007ff8fc938000 	C:\WINDOWS\System32\PSAPI.DLL
0x00007ff8ed590000 - 0x00007ff8ed599000 	C:\WINDOWS\SYSTEM32\WSOCK32.dll
0x00007ff8f8710000 - 0x00007ff8f8734000 	C:\WINDOWS\SYSTEM32\WINMM.dll
0x00007ff8f2740000 - 0x00007ff8f274a000 	C:\WINDOWS\SYSTEM32\VERSION.dll
0x00007ff8fdc20000 - 0x00007ff8fdc8f000 	C:\WINDOWS\System32\WS2_32.dll
0x00007ff8f86e0000 - 0x00007ff8f870d000 	C:\WINDOWS\SYSTEM32\WINMMBASE.dll
0x00007ff8fbed0000 - 0x00007ff8fbf1a000 	C:\WINDOWS\System32\cfgmgr32.dll
0x000000005b180000 - 0x000000005b18f000 	C:\Program Files\Java\jre1.8.0_73\bin\verify.dll
0x000000005b150000 - 0x000000005b179000 	C:\Program Files\Java\jre1.8.0_73\bin\java.dll
0x000000005b130000 - 0x000000005b146000 	C:\Program Files\Java\jre1.8.0_73\bin\zip.dll

VM Arguments:
jvm_args: -Dfile.encoding=Cp1252 
java_command: capgemini.Exercise2
java_class_path (initial): C:\Program Files\Java\jre1.8.0_73\lib\resources.jar;C:\Program Files\Java\jre1.8.0_73\lib\rt.jar;C:\Program Files\Java\jre1.8.0_73\lib\jsse.jar;C:\Program Files\Java\jre1.8.0_73\lib\jce.jar;C:\Program Files\Java\jre1.8.0_73\lib\charsets.jar;C:\Program Files\Java\jre1.8.0_73\lib\jfr.jar;C:\Program Files\Java\jre1.8.0_73\lib\ext\access-bridge-64.jar;C:\Program Files\Java\jre1.8.0_73\lib\ext\cldrdata.jar;C:\Program Files\Java\jre1.8.0_73\lib\ext\dnsns.jar;C:\Program Files\Java\jre1.8.0_73\lib\ext\jaccess.jar;C:\Program Files\Java\jre1.8.0_73\lib\ext\jfxrt.jar;C:\Program Files\Java\jre1.8.0_73\lib\ext\localedata.jar;C:\Program Files\Java\jre1.8.0_73\lib\ext\nashorn.jar;C:\Program Files\Java\jre1.8.0_73\lib\ext\sunec.jar;C:\Program Files\Java\jre1.8.0_73\lib\ext\sunjce_provider.jar;C:\Program Files\Java\jre1.8.0_73\lib\ext\sunmscapi.jar;C:\Program Files\Java\jre1.8.0_73\lib\ext\sunpkcs11.jar;C:\Program Files\Java\jre1.8.0_73\lib\ext\zipfs.jar;C:\Users\ADMIN\Documents\workspace-sts-3.9.2.RELEASE\modifier\bin
Launcher Type: SUN_STANDARD

Environment Variables:
PATH=C:/Program Files/Java/jre1.8.0_73/bin/server;C:/Program Files/Java/jre1.8.0_73/bin;C:/Program Files/Java/jre1.8.0_73/lib/amd64;C:\Python27\;C:\Python27\Scripts;C:\ProgramData\Oracle\Java\javapath;C:\app\ADMIN\product\11.2.0\dbhome_1\bin;C:\WINDOWS\system32;C:\WINDOWS;C:\WINDOWS\System32\Wbem;C:\WINDOWS\System32\WindowsPowerShell\v1.0\;C:\Program Files\Java\jdk1.8.0_73\bin;C:\Program Files\Microsoft SQL Server\110\Tools\Binn\;C:\Program Files\nodejs\;C:\ProgramData\chocolatey\bin;C:\Program Files\Git\cmd;C:\WINDOWS\System32\OpenSSH\;C:\Ruby26-x64\bin;C:\Users\ADMIN\AppData\Local\Microsoft\WindowsApps;C:\Users\ADMIN\AppData\Roaming\npm;C:\Users\ADMIN\AppData\Local\GitHubDesktop\bin;C:\Program Files\JetBrains\RubyMine 2019.3.1\bin;;C:\Users\ADMIN\AppData\Local\Microsoft\WindowsApps;;D:\STS 3.9.2\sts-bundle\sts-3.9.2.RELEASE;
USERNAME=ADMIN
OS=Windows_NT
PROCESSOR_IDENTIFIER=Intel64 Family 6 Model 58 Stepping 9, GenuineIntel



---------------  S Y S T E M  ---------------

OS: Windows 10.0 , 64 bit Build 18362 (10.0.18362.329)

CPU:total 4 (2 cores per cpu, 2 threads per core) family 6 model 58 stepping 9, cmov, cx8, fxsr, mmx, sse, sse2, sse3, ssse3, sse4.1, sse4.2, popcnt, avx, clmul, erms, ht, tsc, tscinvbit, tscinv

Memory: 4k page, physical 1914064k(253340k free), swap 7681232k(5756k free)

vm_info: Java HotSpot(TM) 64-Bit Server VM (25.73-b02) for windows-amd64 JRE (1.8.0_73-b02), built on Jan 29 2016 17:38:49 by "java_re" with MS VC++ 10.0 (VS2010)

time: Tue Jan 28 01:20:57 2020
elapsed time: 0 seconds (0d 0h 0m 0s)

